<?xml version="1.0" encoding="UTF-8"?>
<!-- Generated by org.testng.reporters.JUnitReportReporter -->
<testsuite hostname="LAPTOP-PCMJ85EN" failures="0" tests="7" name="com.restapi.testcase.Example1Test" time="0.969" errors="0" timestamp="2024-02-04T19:10:18 ICT" skipped="0">
  <testcase classname="com.restapi.testcase.Example1Test" name="TC01_StatusCode" time="0.014"/>
  <testcase classname="com.restapi.testcase.Example1Test" name="TC05_lastNameCheck" time="0.002"/>
  <testcase classname="com.restapi.testcase.Example1Test" name="TC03_emailCheck" time="0.001"/>
  <testcase classname="com.restapi.testcase.Example1Test" name="TC04_firstNameCheck" time="0.002"/>
  <testcase classname="com.restapi.testcase.Example1Test" name="TC02_idCheck" time="0.002"/>
  <testcase classname="com.restapi.testcase.Example1Test" name="TC06_avatarCheck" time="0.002"/>
  <testcase classname="com.restapi.testcase.Example1Test" name="TC07_compareIdAndUserId" time="0.946"/>
</testsuite> <!-- com.restapi.testcase.Example1Test -->
